Nov 11 11:31:58 MacBook-Pro-4530 com.apple.CoreSimulator.CoreSimulatorService[2298] <Notice>: com.apple.CoreSimulator.CoreSimulatorService 581.2 starting.
Nov 11 11:31:58 MacBook-Pro-4530 CoreSimulatorService[2298] <Warning>: Device 99CABFB8-A296-4F88-BBAC-35C07A3FB8FB encountered in creation state at launch.  The device will be re-created.
Nov 11 11:31:58 MacBook-Pro-4530 CoreSimulatorService[2298] <Warning>: Device CC12C08A-64D6-4AA3-BED3-DE8E52ABFD1B encountered in creation state at launch.  The device will be re-created.
Nov 11 11:31:58 MacBook-Pro-4530 CoreSimulatorService[2298] <Warning>: Device 66C204A2-EEE5-4172-8004-8132944BEBC7 encountered in creation state at launch.  The device will be re-created.
Nov 11 11:31:58 MacBook-Pro-4530 CoreSimulatorService[2298] <Warning>: Device 92FF6348-7F5C-4046-AD21-69E975F256B9 encountered in creation state at launch.  The device will be re-created.
Nov 11 11:31:59 MacBook-Pro-4530 CoreSimulatorService[2298] <Warning>: Device C48430BE-8D17-4EA8-96FE-75029631EB6B encountered in creation state at launch.  The device will be re-created.
Nov 11 11:31:59 MacBook-Pro-4530 CoreSimulatorService[2298] <Warning>: Device 127142AF-C6B3-435E-BCD9-3AFB9B665E1F encountered in creation state at launch.  The device will be re-created.
Nov 11 11:31:59 MacBook-Pro-4530 CoreSimulatorService[2298] <Warning>: Device 4D0EE520-2A9D-4D3D-8249-2EEF4D1533A9 encountered in creation state at launch.  The device will be re-created.
Nov 11 11:31:59 MacBook-Pro-4530 CoreSimulatorService[2298] <Warning>: Device 3DFCC564-E61A-4362-B4E6-B5012B1A8FB4 encountered in creation state at launch.  The device will be re-created.
Nov 11 11:31:59 MacBook-Pro-4530 CoreSimulatorService[2298] <Warning>: Device B39BB761-0F8A-468A-9EDC-D64D51FB8F1D encountered in creation state at launch.  The device will be re-created.
Nov 11 11:31:59 MacBook-Pro-4530 CoreSimulatorService[2298] <Warning>: Device FAEE460F-14F6-4D02-BE9D-E8BE76A39A15 encountered in creation state at launch.  The device will be re-created.
Nov 11 11:31:59 MacBook-Pro-4530 CoreSimulatorService[2298] <Warning>: Device A4846944-ADF6-46BD-A318-604B6473441C encountered in creation state at launch.  The device will be re-created.
Nov 11 11:31:59 MacBook-Pro-4530 CoreSimulatorService[2298] <Warning>: Device 57D2ABF9-DA7A-4694-A097-9495CC19F20B encountered in creation state at launch.  The device will be re-created.
Nov 11 11:31:59 MacBook-Pro-4530 CoreSimulatorService[2298] <Warning>: Device 28B1FD6E-4291-4935-92C4-0368B73C9E96 encountered in creation state at launch.  The device will be re-created.
Nov 11 11:31:59 MacBook-Pro-4530 CoreSimulatorService[2298] <Warning>: Device 942B5BAC-A304-4E7E-8F7A-BDA279CF9EB8 encountered in creation state at launch.  The device will be re-created.
Nov 11 11:31:59 MacBook-Pro-4530 CoreSimulatorService[2298] <Warning>: Device 97FA6D9F-BA37-4363-A69B-37363354635D encountered in creation state at launch.  The device will be re-created.
Nov 11 11:32:00 MacBook-Pro-4530 CoreSimulatorService[2298] <Warning>: Device 9C36EFA2-C3E8-4ECE-83B6-41B3356BD3D4 encountered in creation state at launch.  The device will be re-created.
Nov 11 11:32:00 MacBook-Pro-4530 CoreSimulatorService[2298] <Warning>: Device 621D55CE-7B25-4FAB-AF38-9F1C4F6B7AEB encountered in creation state at launch.  The device will be re-created.
Nov 11 11:32:00 MacBook-Pro-4530 CoreSimulatorService[2298] <Warning>: Device AD03636C-EC6C-4C0F-A584-C0032AAC02E7 encountered in creation state at launch.  The device will be re-created.
Nov 11 11:32:00 MacBook-Pro-4530 CoreSimulatorService[2298] <Warning>: Device AEE220C6-2D12-410B-8826-074A3F8ED830 encountered in creation state at launch.  The device will be re-created.
Nov 11 11:32:00 MacBook-Pro-4530 CoreSimulatorService[2298] <Warning>: Device D932CEA8-EBF7-4249-91A8-8CD7A4333CC1 encountered in creation state at launch.  The device will be re-created.
Nov 11 11:32:00 MacBook-Pro-4530 CoreSimulatorService[2298] <Warning>: Device 934D9227-EFA8-480C-A32F-7A79D922A600 encountered in creation state at launch.  The device will be re-created.
Nov 11 11:32:01 MacBook-Pro-4530 CoreSimulatorService[2298] <Warning>: Device 18965C36-F76E-4BF9-AB99-3D7304B28271 encountered in creation state at launch.  The device will be re-created.
Nov 11 11:32:01 MacBook-Pro-4530 CoreSimulatorService[2298] <Warning>: Device 67D3740F-3E83-48B8-892F-0AA118FDB91B encountered in creation state at launch.  The device will be re-created.
Nov 11 11:32:01 MacBook-Pro-4530 CoreSimulatorService[2298] <Warning>: Device 74688276-7CEC-40ED-A745-5E68B4056E71 encountered in creation state at launch.  The device will be re-created.
Nov 11 11:32:01 MacBook-Pro-4530 CoreSimulatorService[2298] <Warning>: Device 1FB34A3F-C58F-4170-B946-A46B254A6622 encountered in creation state at launch.  The device will be re-created.
Nov 11 11:32:01 MacBook-Pro-4530 CoreSimulatorService[2298] <Warning>: Device B757FA21-6C07-444D-A402-B381AA0F6FA0 encountered in creation state at launch.  The device will be re-created.
Nov 11 11:32:01 MacBook-Pro-4530 CoreSimulatorService[2298] <Warning>: Device A6D45F47-D320-4F47-A9C2-E987EBA76E0F encountered in creation state at launch.  The device will be re-created.
Nov 11 11:32:02 MacBook-Pro-4530 CoreSimulatorService[2298] <Warning>: Device BD96C344-0622-41CD-AAA9-8E40F68A79D4 encountered in creation state at launch.  The device will be re-created.
Nov 11 11:32:02 MacBook-Pro-4530 CoreSimulatorService[2298] <Warning>: Device C9229B83-D0C4-455B-8FCC-F1108811F930 encountered in creation state at launch.  The device will be re-created.
Nov 11 11:32:02 MacBook-Pro-4530 CoreSimulatorService[2298] <Warning>: Device 952AE5A2-8EF4-4FC4-AC0A-0857700E3D6C encountered in creation state at launch.  The device will be re-created.
Nov 11 11:32:02 MacBook-Pro-4530 CoreSimulatorService[2298] <Warning>: Device 951C1436-A555-46E7-A06C-A37A90F84E05 encountered in creation state at launch.  The device will be re-created.
Nov 11 11:32:02 MacBook-Pro-4530 CoreSimulatorService[2298] <Warning>: Device 0C62568D-EF7E-4ACA-B8A2-1E4C7A7870BE encountered in creation state at launch.  The device will be re-created.
Nov 11 11:32:02 MacBook-Pro-4530 CoreSimulatorService[2298] <Warning>: Device B4EA7E2E-7CC5-458B-93DC-9558C640644C encountered in creation state at launch.  The device will be re-created.
